2022-08-05 01:42:31,702  INFO [TestNG-test=Test-1] Project:34 - browser open
2022-08-05 01:42:31,690  INFO [TestNG-test=Test-3] Project:34 - browser open
2022-08-05 01:42:36,002  INFO [TestNG-test=Test-3] Project:44 - url is open
2022-08-05 01:42:36,247  INFO [TestNG-test=Test-3] Project:47 - Screensot taken
2022-08-05 01:42:36,384  INFO [TestNG-test=Test-3] Project:50 - un enter
2022-08-05 01:42:36,442  INFO [TestNG-test=Test-2] Project:44 - url is open
2022-08-05 01:42:36,481  INFO [TestNG-test=Test-3] Project:52 - pw enter
2022-08-05 01:42:36,504  INFO [TestNG-test=Test-1] Project:44 - url is open
2022-08-05 01:42:36,596  INFO [TestNG-test=Test-4] Project:44 - url is open
2022-08-05 01:42:36,685  INFO [TestNG-test=Test-2] Project:47 - Screensot taken
2022-08-05 01:42:36,730  INFO [TestNG-test=Test-3] Project:54 - login click
2022-08-05 01:42:36,772  INFO [TestNG-test=Test-1] Project:47 - Screensot taken
2022-08-05 01:42:36,828  INFO [TestNG-test=Test-2] Project:50 - un enter
2022-08-05 01:42:36,855  INFO [TestNG-test=Test-4] Project:47 - Screensot taken
2022-08-05 01:42:36,930  INFO [TestNG-test=Test-1] Project:50 - un enter
2022-08-05 01:42:36,974  INFO [TestNG-test=Test-2] Project:52 - pw enter
2022-08-05 01:42:37,036  INFO [TestNG-test=Test-4] Project:50 - un enter
2022-08-05 01:42:37,090  INFO [TestNG-test=Test-1] Project:52 - pw enter
2022-08-05 01:42:37,183  INFO [TestNG-test=Test-4] Project:52 - pw enter
2022-08-05 01:42:37,204  INFO [TestNG-test=Test-3] Project:17 - click on allproduct
2022-08-05 01:42:37,232  INFO [TestNG-test=Test-2] Project:54 - login click
2022-08-05 01:42:37,244  INFO [TestNG-test=Test-3] Project:23 - assertion applied
2022-08-05 01:42:37,408  INFO [TestNG-test=Test-2] Project:24 - Click on SettingButton
2022-08-05 01:42:37,424  INFO [TestNG-test=Test-1] Project:54 - login click
2022-08-05 01:42:37,442  INFO [TestNG-test=Test-1] Project:26 - assertion applied
2022-08-05 01:42:37,472  INFO [TestNG-test=Test-4] Project:54 - login click
2022-08-05 01:42:37,591  INFO [TestNG-test=Test-4] Project:20 - click on bagbutton
2022-08-05 01:42:37,633  INFO [TestNG-test=Test-3] Project:62 - broser is closed
2022-08-05 01:42:37,695  INFO [TestNG-test=Test-2] Project:26 - sc taken
2022-08-05 01:42:37,727  INFO [TestNG-test=Test-1] Project:28 - sc taken
2022-08-05 01:42:37,816  INFO [TestNG-test=Test-2] Project:28 - Click on LogOutButton
2022-08-05 01:42:37,827  INFO [TestNG-test=Test-2] Project:35 - assertion applied
2022-08-05 01:42:38,072  INFO [TestNG-test=Test-1] Project:62 - broser is closed
2022-08-05 01:42:38,214  INFO [TestNG-test=Test-2] Project:62 - broser is closed
2022-08-05 01:42:38,308  INFO [TestNG-test=Test-4] Project:62 - broser is closed
2022-08-05 10:29:30,661  INFO [TestNG-test=Test-4] Project:52 - url is open
2022-08-05 10:29:30,807  INFO [TestNG-test=Test-1] Project:52 - url is open
2022-08-05 10:29:30,811  INFO [TestNG-test=Test-2] Project:52 - url is open
2022-08-05 10:29:30,976  INFO [TestNG-test=Test-3] Project:52 - url is open
2022-08-05 10:29:31,047  INFO [TestNG-test=Test-4] Project:55 - Screensot taken
2022-08-05 10:29:31,166  INFO [TestNG-test=Test-1] Project:55 - Screensot taken
2022-08-05 10:29:31,191  INFO [TestNG-test=Test-2] Project:55 - Screensot taken
2022-08-05 10:29:31,334  INFO [TestNG-test=Test-3] Project:55 - Screensot taken
2022-08-05 10:29:31,349  INFO [TestNG-test=Test-4] Project:58 - un enter
2022-08-05 10:29:31,383  INFO [TestNG-test=Test-1] Project:58 - un enter
2022-08-05 10:29:31,448  INFO [TestNG-test=Test-2] Project:58 - un enter
2022-08-05 10:29:31,553  INFO [TestNG-test=Test-4] Project:60 - pw enter
2022-08-05 10:29:31,614  INFO [TestNG-test=Test-1] Project:60 - pw enter
2022-08-05 10:29:31,614  INFO [TestNG-test=Test-3] Project:58 - un enter
2022-08-05 10:29:31,645  INFO [TestNG-test=Test-2] Project:60 - pw enter
2022-08-05 10:29:31,762  INFO [TestNG-test=Test-3] Project:60 - pw enter
2022-08-05 10:29:31,900  INFO [TestNG-test=Test-4] Project:62 - login click
2022-08-05 10:29:31,909  INFO [TestNG-test=Test-1] Project:62 - login click
2022-08-05 10:29:31,990  INFO [TestNG-test=Test-2] Project:62 - login click
2022-08-05 10:29:32,020  INFO [TestNG-test=Test-1] Project:26 - assertion applied
2022-08-05 10:29:32,150  INFO [TestNG-test=Test-2] Project:24 - Click on SettingButton
2022-08-05 10:29:32,155  INFO [TestNG-test=Test-4] Project:20 - click on bagbutton
2022-08-05 10:29:32,164  INFO [TestNG-test=Test-3] Project:62 - login click
2022-08-05 10:29:32,431  INFO [TestNG-test=Test-1] Project:28 - sc taken
2022-08-05 10:29:32,490  INFO [TestNG-test=Test-2] Project:26 - sc taken
2022-08-05 10:29:32,620  INFO [TestNG-test=Test-2] Project:28 - Click on LogOutButton
2022-08-05 10:29:32,632  INFO [TestNG-test=Test-2] Project:35 - assertion applied
2022-08-05 10:29:32,811  INFO [TestNG-test=Test-3] Project:17 - click on allproduct
2022-08-05 10:29:32,876  INFO [TestNG-test=Test-3] Project:23 - assertion applied
2022-08-05 10:29:32,915  INFO [TestNG-test=Test-1] Project:70 - broser is closed
2022-08-05 10:29:33,008  INFO [TestNG-test=Test-4] Project:70 - broser is closed
2022-08-05 10:29:33,056  INFO [TestNG-test=Test-2] Project:70 - broser is closed
2022-08-05 10:29:33,170  INFO [TestNG-test=Test-3] Project:70 - broser is closed
2022-08-05 10:35:58,671  INFO [TestNG-test=Test-4] Project:42 - browser open
2022-08-05 10:35:58,954  INFO [TestNG-test=Test-3] Project:42 - browser open
2022-08-05 10:36:00,727  INFO [TestNG-test=Test-1] Project:52 - url is open
2022-08-05 10:36:00,742  INFO [TestNG-test=Test-3] Project:52 - url is open
2022-08-05 10:36:01,229  INFO [TestNG-test=Test-1] Project:55 - Screensot taken
2022-08-05 10:36:01,229  INFO [TestNG-test=Test-3] Project:55 - Screensot taken
2022-08-05 10:36:01,527  INFO [TestNG-test=Test-1] Project:58 - un enter
2022-08-05 10:36:01,527  INFO [TestNG-test=Test-3] Project:58 - un enter
2022-08-05 10:36:01,621  INFO [TestNG-test=Test-1] Project:60 - pw enter
2022-08-05 10:36:01,636  INFO [TestNG-test=Test-3] Project:60 - pw enter
2022-08-05 10:36:01,903  INFO [TestNG-test=Test-3] Project:62 - login click
2022-08-05 10:36:01,903  INFO [TestNG-test=Test-1] Project:62 - login click
2022-08-05 10:36:01,919  INFO [TestNG-test=Test-1] Project:26 - assertion applied
2022-08-05 10:36:02,091  INFO [TestNG-test=Test-1] Project:28 - sc taken
2022-08-05 10:36:02,750  INFO [TestNG-test=Test-2] Project:52 - url is open
2022-08-05 10:36:02,907  INFO [TestNG-test=Test-2] Project:55 - Screensot taken
2022-08-05 10:36:03,017  INFO [TestNG-test=Test-2] Project:58 - un enter
2022-08-05 10:36:03,080  INFO [TestNG-test=Test-2] Project:60 - pw enter
2022-08-05 10:36:03,299  INFO [TestNG-test=Test-2] Project:62 - login click
2022-08-05 10:36:03,503  INFO [TestNG-test=Test-1] Project:70 - broser is closed
2022-08-05 10:36:03,974  INFO [TestNG-test=Test-2] Project:24 - Click on SettingButton
2022-08-05 10:36:04,084  INFO [TestNG-test=Test-2] Project:26 - sc taken
2022-08-05 10:36:05,654  INFO [TestNG-test=Test-3] Project:17 - click on allproduct
2022-08-05 10:36:05,811  INFO [TestNG-test=Test-3] Project:23 - assertion applied
2022-08-05 10:36:05,858  INFO [TestNG-test=Test-2] Project:70 - broser is closed
2022-08-05 10:36:06,801  INFO [TestNG-test=Test-4] Project:52 - url is open
2022-08-05 10:36:06,944  INFO [TestNG-test=Test-4] Project:55 - Screensot taken
2022-08-05 10:36:07,054  INFO [TestNG-test=Test-4] Project:58 - un enter
2022-08-05 10:36:07,148  INFO [TestNG-test=Test-4] Project:60 - pw enter
2022-08-05 10:36:07,368  INFO [TestNG-test=Test-4] Project:62 - login click
2022-08-05 10:36:07,431  INFO [TestNG-test=Test-3] Project:70 - broser is closed
2022-08-05 10:36:07,619  INFO [TestNG-test=Test-4] Project:20 - click on bagbutton
2022-08-05 10:36:09,312  INFO [TestNG-test=Test-4] Project:70 - broser is closed
